<?xml version="1.0" encoding="UTF-8"?>
<!-- Generated by org.testng.reporters.JUnitReportReporter -->
<testsuite hostname="DESKTOP-EPG0GEV" failures="0" tests="2" name="Testcases.Test1" time="43.031" errors="0" timestamp="2022-11-10T13:54:01 IST" skipped="0">
  <testcase classname="Testcases.Test1" name="m1" time="0.010"/>
  <system-out/>
  <testcase classname="Testcases.Test1" name="ViewTime" time="43.021"/>
  <system-out/>
</testsuite> <!-- Testcases.Test1 -->
