<?xml version="1.0" encoding="UTF-8"?>
<!-- Generated by org.testng.reporters.JUnitReportReporter -->
<testsuite hostname="DESKTOP-EPG0GEV" failures="0" tests="1" name="Testcases.LoginPage" time="4.209" errors="0" timestamp="2022-11-10T14:19:41 IST" skipped="0">
  <testcase classname="Testcases.LoginPage" name="LoginTest" time="4.209"/>
  <system-out/>
</testsuite> <!-- Testcases.LoginPage -->
