<?xml version="1.0" encoding="UTF-8"?>
<!-- Generated by org.testng.reporters.JUnitReportReporter -->
<testsuite hostname="DESKTOP-EPG0GEV" failures="0" tests="2" name="Testcases.Users" time="18.259" errors="0" timestamp="2022-11-10T13:54:01 IST" skipped="0">
  <testcase classname="Testcases.Users" name="m1" time="0.006"/>
  <system-out/>
  <testcase classname="Testcases.Users" name="user" time="18.253"/>
  <system-out/>
</testsuite> <!-- Testcases.Users -->
